c:\users\level up solutions 1\desktop\c-feb-2025\labs\lab-5\lab-5\x64\debug\vc143.pdb
c:\users\level up solutions 1\desktop\c-feb-2025\labs\lab-5\lab-5\x64\debug\vc143.idb
c:\users\level up solutions 1\desktop\c-feb-2025\labs\lab-5\lab-5\x64\debug\func.obj
c:\users\level up solutions 1\desktop\c-feb-2025\labs\lab-5\lab-5\x64\debug\arrayfunc.obj
c:\users\level up solutions 1\desktop\c-feb-2025\labs\lab-5\lab-5\x64\debug\lab-5.ilk
c:\users\level up solutions 1\desktop\c-feb-2025\labs\lab-5\x64\debug\lab-5.pdb
c:\users\level up solutions 1\desktop\c-feb-2025\labs\lab-5\lab-5\x64\debug\lab-5.tlog\cl.command.1.tlog
c:\users\level up solutions 1\desktop\c-feb-2025\labs\lab-5\lab-5\x64\debug\lab-5.tlog\cl.items.tlog
c:\users\level up solutions 1\desktop\c-feb-2025\labs\lab-5\lab-5\x64\debug\lab-5.tlog\cl.read.1.tlog
c:\users\level up solutions 1\desktop\c-feb-2025\labs\lab-5\lab-5\x64\debug\lab-5.tlog\cl.write.1.tlog
c:\users\level up solutions 1\desktop\c-feb-2025\labs\lab-5\lab-5\x64\debug\lab-5.tlog\link.18476-cvtres.read.1.tlog
c:\users\level up solutions 1\desktop\c-feb-2025\labs\lab-5\lab-5\x64\debug\lab-5.tlog\link.18476-cvtres.write.1.tlog
c:\users\level up solutions 1\desktop\c-feb-2025\labs\lab-5\lab-5\x64\debug\lab-5.tlog\link.18476-rc.read.1.tlog
c:\users\level up solutions 1\desktop\c-feb-2025\labs\lab-5\lab-5\x64\debug\lab-5.tlog\link.18476-rc.write.1.tlog
c:\users\level up solutions 1\desktop\c-feb-2025\labs\lab-5\lab-5\x64\debug\lab-5.tlog\link.18476.read.1.tlog
c:\users\level up solutions 1\desktop\c-feb-2025\labs\lab-5\lab-5\x64\debug\lab-5.tlog\link.18476.read.2.tlog
c:\users\level up solutions 1\desktop\c-feb-2025\labs\lab-5\lab-5\x64\debug\lab-5.tlog\link.18476.write.1.tlog
c:\users\level up solutions 1\desktop\c-feb-2025\labs\lab-5\lab-5\x64\debug\lab-5.tlog\link.command.1.tlog
c:\users\level up solutions 1\desktop\c-feb-2025\labs\lab-5\lab-5\x64\debug\lab-5.tlog\link.read.1.tlog
c:\users\level up solutions 1\desktop\c-feb-2025\labs\lab-5\lab-5\x64\debug\lab-5.tlog\link.secondary.1.tlog
c:\users\level up solutions 1\desktop\c-feb-2025\labs\lab-5\lab-5\x64\debug\lab-5.tlog\link.write.1.tlog
